<?xml version="1.0" encoding="UTF-8"?>
<testng-results ignored="0" total="2" passed="2" failed="0" skipped="0">
  <reporter-output>
  </reporter-output>
  <suite started-at="2024-06-03T15:19:01 CST" name="Default suite" finished-at="2024-06-03T15:19:45 CST" duration-ms="44486">
    <groups>
    </groups>
    <test started-at="2024-06-03T15:19:01 CST" name="Default test" finished-at="2024-06-03T15:19:45 CST" duration-ms="44486">
      <class name="pomExercise.SubmitOrderTest">
        <test-method is-config="true" signature="launchApplication()[pri:0, instance:pomExercise.SubmitOrderTest@fa49800]" started-at="2024-06-03T15:19:01 CST" name="launchApplication" finished-at="2024-06-03T15:19:17 CST" duration-ms="16113" status="PASS">
          <reporter-output>
          </reporter-output>
        </test-method> <!-- launchApplication -->
        <test-method signature="submitOrder()[pri:0, instance:pomExercise.SubmitOrderTest@fa49800]" started-at="2024-06-03T15:19:17 CST" name="submitOrder" finished-at="2024-06-03T15:19:32 CST" duration-ms="14511" status="PASS">
          <reporter-output>
          </reporter-output>
        </test-method> <!-- submitOrder -->
        <test-method is-config="true" signature="launchApplication()[pri:0, instance:pomExercise.SubmitOrderTest@fa49800]" started-at="2024-06-03T15:19:32 CST" name="launchApplication" finished-at="2024-06-03T15:19:43 CST" duration-ms="11790" status="PASS">
          <reporter-output>
          </reporter-output>
        </test-method> <!-- launchApplication -->
        <test-method signature="orderHistoryTest()[pri:0, instance:pomExercise.SubmitOrderTest@fa49800]" started-at="2024-06-03T15:19:43 CST" name="orderHistoryTest" finished-at="2024-06-03T15:19:45 CST" depends-on-methods="pomExercise.SubmitOrderTest.submitOrder" duration-ms="1996" status="PASS">
          <reporter-output>
          </reporter-output>
        </test-method> <!-- orderHistoryTest -->
      </class> <!-- pomExercise.SubmitOrderTest -->
    </test> <!-- Default test -->
  </suite> <!-- Default suite -->
</testng-results>
